<?xml version="1.0" encoding="UTF-8"?>
<!-- Generated by org.testng.reporters.JUnitReportReporter -->
<testsuite hostname="LAPTOP-VDUNMQGM" failures="0" tests="1" name="amazon.JenkinsDemo.VerifyTitle" time="0.009" errors="0" timestamp="2023-07-19T10:25:41 IST" skipped="0">
  <testcase classname="amazon.JenkinsDemo.VerifyTitle" name="titleverification" time="0.009"/>
</testsuite> <!-- amazon.JenkinsDemo.VerifyTitle -->
